\BOOKMARK [1][-]{section.1}{\376\377\000I\000n\000t\000r\000o\000d\000u\000c\000t\000i\000o\000n}{}% 1
\BOOKMARK [2][-]{subsection.1.1}{\376\377\000O\000u\000t\000l\000i\000n\000e}{section.1}% 2
\BOOKMARK [2][-]{subsection.1.2}{\376\377\000P\000r\000o\000b\000l\000e\000m\000\040\000D\000e\000s\000c\000r\000i\000p\000t\000i\000o\000n}{section.1}% 3
\BOOKMARK [2][-]{subsection.1.3}{\376\377\000C\000o\000m\000p\000e\000t\000i\000t\000i\000v\000e\000\040\000A\000n\000a\000l\000y\000s\000i\000s}{section.1}% 4
\BOOKMARK [2][-]{subsection.1.4}{\376\377\000k\000\040\000c\000o\000m\000p\000e\000t\000i\000t\000i\000v\000e\000\040\000l\000o\000w\000e\000r\000\040\000b\000o\000u\000n\000d}{section.1}% 5
\BOOKMARK [1][-]{section.2}{\376\377\000A\000l\000g\000o\000r\000i\000t\000h\000m\000s}{}% 6
\BOOKMARK [2][-]{subsection.2.1}{\376\377\000R\000a\000n\000d\000o\000m\000\040\000A\000l\000g\000o\000r\000i\000t\000h\000m}{section.2}% 7
\BOOKMARK [2][-]{subsection.2.2}{\376\377\000G\000r\000e\000e\000d\000y\000\040\000A\000l\000g\000o\000r\000i\000t\000h\000m}{section.2}% 8
\BOOKMARK [2][-]{subsection.2.3}{\376\377\000O\000p\000t\000i\000m\000a\000l\000\040\000A\000l\000g\000o\000r\000i\000t\000h\000m}{section.2}% 9
\BOOKMARK [2][-]{subsection.2.4}{\376\377\000W\000o\000r\000k\000-\000F\000u\000n\000c\000t\000i\000o\000n\000\040\000A\000l\000g\000o\000r\000i\000t\000h\000m}{section.2}% 10
\BOOKMARK [2][-]{subsection.2.5}{\376\377\000D\000o\000u\000b\000l\000e\000\040\000C\000o\000v\000e\000r\000a\000g\000e\000\040\000A\000l\000g\000o\000r\000i\000t\000h\000m}{section.2}% 11
\BOOKMARK [2][-]{subsection.2.6}{\376\377\000k\000-\000C\000e\000n\000t\000e\000r\000s\000\040\000A\000l\000g\000o\000r\000i\000t\000h\000m}{section.2}% 12
\BOOKMARK [1][-]{section.3}{\376\377\000W\000o\000r\000k\000\040\000F\000u\000n\000c\000t\000i\000o\000n\000\040\000A\000l\000g\000o\000r\000i\000t\000h\000m}{}% 13
\BOOKMARK [2][-]{subsection.3.1}{\376\377\000A\000l\000g\000o\000r\000i\000t\000h\000m}{section.3}% 14
\BOOKMARK [2][-]{subsection.3.2}{\376\377\000N\000o\000t\000a\000t\000i\000o\000n\000s\000\040\000a\000n\000d\000\040\000D\000e\000f\000i\000n\000i\000t\000i\000o\000n\000s}{section.3}% 15
\BOOKMARK [2][-]{subsection.3.3}{\376\377\0002\000k\000-\0001\000\040\000P\000r\000o\000o\000f}{section.3}% 16
\BOOKMARK [2][-]{subsection.3.4}{\376\377\000M\000i\000n\000-\000C\000u\000t\000\040\000M\000a\000x\000-\000F\000l\000o\000w\000\040\000C\000o\000m\000p\000u\000t\000a\000t\000i\000o\000n}{section.3}% 17
\BOOKMARK [1][-]{section.4}{\376\377\000U\000n\000i\000f\000y\000i\000n\000g\000\040\000P\000o\000t\000e\000n\000t\000i\000a\000l}{}% 18
\BOOKMARK [2][-]{subsection.4.1}{\376\377\000U\000n\000i\000f\000y\000i\000n\000g\000\040\000P\000o\000t\000e\000n\000t\000i\000a\000l\000\040\000F\000u\000n\000c\000t\000i\000o\000n\000\040\000D\000e\000s\000c\000r\000i\000p\000t\000i\000o\000n}{section.4}% 19
\BOOKMARK [2][-]{subsection.4.2}{\376\377\000U\000s\000e\000f\000u\000l\000\040\000I\000n\000s\000i\000g\000h\000t\000s}{section.4}% 20
\BOOKMARK [2][-]{subsection.4.3}{\376\377\000U\000n\000i\000f\000y\000i\000n\000g\000\040\000P\000o\000t\000e\000n\000t\000i\000a\000l\000\040\000o\000n\000\040\000t\000h\000e\000\040\000C\000a\000t\000e\000r\000p\000i\000l\000l\000a\000r\000\040\000G\000r\000a\000p\000h}{section.4}% 21
\BOOKMARK [1][-]{section.5}{\376\377\000B\000i\000j\000e\000c\000t\000i\000v\000e\000\040\000A\000n\000a\000l\000y\000s\000i\000s}{}% 22
\BOOKMARK [2][-]{subsection.5.1}{\376\377\000A\000d\000d\000i\000t\000i\000o\000n\000a\000l\000\040\000A\000l\000g\000o\000r\000i\000t\000h\000m\000s}{section.5}% 23
\BOOKMARK [2][-]{subsection.5.2}{\376\377\000B\000i\000j\000e\000c\000t\000i\000v\000e\000\040\000A\000n\000a\000l\000y\000s\000i\000s\000\040\000D\000e\000s\000c\000r\000i\000p\000t\000i\000o\000n}{section.5}% 24
\BOOKMARK [2][-]{subsection.5.3}{\376\377\000C\000+\000+\000\040\000I\000m\000p\000l\000e\000m\000e\000n\000t\000a\000t\000i\000o\000n\000s}{section.5}% 25
\BOOKMARK [2][-]{subsection.5.4}{\376\377\000E\000x\000p\000e\000r\000i\000m\000e\000n\000t\000a\000l\000\040\000R\000e\000s\000u\000l\000t\000s}{section.5}% 26
\BOOKMARK [1][-]{section.6}{\376\377\000C\000o\000n\000c\000l\000u\000s\000i\000o\000n}{}% 27
